2017-10-13 00:59:56,322 [INFO] from application in ForkJoinPool-1-worker-1 - Redis Plugin enabled. Connecting to Redis on localhost:6379 to 0 with timeout 2000.
2017-10-13 00:59:56,330 [INFO] from application in ForkJoinPool-1-worker-1 - Redis Plugin pool configuration: redis.clients.jedis.JedisPoolConfig@188a1154[maxTotal=8,maxIdle=8,minIdle=0,lifo=true,maxWaitMillis=-1,minEvictableIdleTimeMillis=60000,softMinEvictableIdleTimeMillis=1800000,numTestsPerEvictionRun=-1,evictionPolicyClassName=org.apache.commons.pool2.impl.DefaultEvictionPolicy,testOnBorrow=false,testOnReturn=false,testWhileIdle=true,timeBetweenEvictionRunsMillis=30000,blockWhenExhausted=true,jmxEnabled=true,jmxNamePrefix=pool]
2017-10-13 00:59:56,385 [INFO] from play.api.Play in ForkJoinPool-1-worker-1 - Application started (Dev)
2017-10-13 01:10:21,898 [ERROR] from akka.actor.OneForOneStrategy in default-akka.actor.default-dispatcher-6 - WRONGTYPE Operation against a key holding the wrong kind of value
redis.clients.jedis.exceptions.JedisDataException: WRONGTYPE Operation against a key holding the wrong kind of value
	at redis.clients.jedis.Protocol.processError(Protocol.java:104)
	at redis.clients.jedis.Protocol.process(Protocol.java:122)
	at redis.clients.jedis.Protocol.read(Protocol.java:191)
	at redis.clients.jedis.Connection.getIntegerReply(Connection.java:201)
	at redis.clients.jedis.Jedis.rpush(Jedis.java:851)
	at actors.ChatActor.onReceive(ChatActor.java:57)
	at akka.actor.UntypedActor$$anonfun$receive$1.applyOrElse(UntypedActor.scala:165)
	at akka.actor.Actor$class.aroundReceive(Actor.scala:502)
	at akka.actor.UntypedActor.aroundReceive(UntypedActor.scala:95)
	at akka.actor.ActorCell.receiveMessage(ActorCell.scala:526)
	at akka.actor.ActorCell.invoke(ActorCell.scala:495)
	at akka.dispatch.Mailbox.processMailbox(Mailbox.scala:257)
	at akka.dispatch.Mailbox.run(Mailbox.scala:224)
	at akka.dispatch.Mailbox.exec(Mailbox.scala:234)
	at scala.concurrent.forkjoin.ForkJoinTask.doExec(ForkJoinTask.java:260)
	at scala.concurrent.forkjoin.ForkJoinPool$WorkQueue.runTask(ForkJoinPool.java:1339)
	at scala.concurrent.forkjoin.ForkJoinPool.runWorker(ForkJoinPool.java:1979)
	at scala.concurrent.forkjoin.ForkJoinWorkerThread.run(ForkJoinWorkerThread.java:107)
